{"C:\\MyProjects\\webshop\\src\\utils.ts": {"path":"C:\\MyProjects\\webshop\\src\\utils.ts","statementMap":{"0":{"start":{"line":3,"column":2},"end":{"line":6,"column":null}},"1":{"start":{"line":10,"column":5},"end":{"line":10,"column":null}}},"fnMap":{"0":{"name":"numToString","decl":{"start":{"line":2,"column":16},"end":{"line":2,"column":28}},"loc":{"start":{"line":2,"column":38},"end":{"line":7,"column":null}},"line":2},"1":{"name":"strToNum","decl":{"start":{"line":9,"column":16},"end":{"line":9,"column":25}},"loc":{"start":{"line":9,"column":36},"end":{"line":11,"column":null}},"line":9}},"branchMap":{},"s":{"0":13,"1":5},"f":{"0":13,"1":5},"b":{},"meta":{"lastBranch":0,"lastFunction":2,"lastStatement":2,"seen":{"f:2:16:2:28":0,"s:3:2:6:Infinity":0,"f:9:16:9:25":1,"s:10:5:10:Infinity":1}}}
,"C:\\MyProjects\\webshop\\src\\graphQL\\api.ts": {"path":"C:\\MyProjects\\webshop\\src\\graphQL\\api.ts","statementMap":{"0":{"start":{"line":1,"column":18},"end":{"line":1,"column":null}},"1":{"start":{"line":5,"column":14},"end":{"line":11,"column":null}},"2":{"start":{"line":12,"column":15},"end":{"line":12,"column":null}},"3":{"start":{"line":13,"column":2},"end":{"line":13,"column":null}}},"fnMap":{"0":{"name":"sendGraphQLquery","decl":{"start":{"line":4,"column":22},"end":{"line":4,"column":39}},"loc":{"start":{"line":4,"column":52},"end":{"line":14,"column":null}},"line":4}},"branchMap":{},"s":{"0":1,"1":0,"2":0,"3":0},"f":{"0":0},"b":{},"meta":{"lastBranch":0,"lastFunction":1,"lastStatement":4,"seen":{"s:1:18:1:Infinity":0,"f:4:22:4:39":0,"s:5:14:11:Infinity":1,"s:12:15:12:Infinity":2,"s:13:2:13:Infinity":3}}}
,"C:\\MyProjects\\webshop\\src\\graphQL\\queries.ts": {"path":"C:\\MyProjects\\webshop\\src\\graphQL\\queries.ts","statementMap":{"0":{"start":{"line":6,"column":30},"end":{"line":27,"column":null}},"1":{"start":{"line":7,"column":2},"end":{"line":26,"column":null}},"2":{"start":{"line":8,"column":26},"end":{"line":18,"column":null}},"3":{"start":{"line":19,"column":17},"end":{"line":19,"column":null}},"4":{"start":{"line":21,"column":4},"end":{"line":21,"column":null}},"5":{"start":{"line":24,"column":4},"end":{"line":24,"column":null}},"6":{"start":{"line":25,"column":4},"end":{"line":25,"column":null}},"7":{"start":{"line":29,"column":31},"end":{"line":61,"column":null}},"8":{"start":{"line":30,"column":2},"end":{"line":60,"column":null}},"9":{"start":{"line":31,"column":26},"end":{"line":42,"column":null}},"10":{"start":{"line":43,"column":17},"end":{"line":43,"column":null}},"11":{"start":{"line":46,"column":30},"end":{"line":53,"column":null}},"12":{"start":{"line":46,"column":74},"end":{"line":53,"column":6}},"13":{"start":{"line":55,"column":4},"end":{"line":55,"column":null}},"14":{"start":{"line":58,"column":4},"end":{"line":58,"column":null}},"15":{"start":{"line":59,"column":4},"end":{"line":59,"column":null}},"16":{"start":{"line":64,"column":29},"end":{"line":95,"column":null}},"17":{"start":{"line":65,"column":2},"end":{"line":94,"column":null}},"18":{"start":{"line":66,"column":18},"end":{"line":77,"column":null}},"19":{"start":{"line":79,"column":17},"end":{"line":79,"column":null}},"20":{"start":{"line":81,"column":28},"end":{"line":87,"column":null}},"21":{"start":{"line":81,"column":64},"end":{"line":87,"column":6}},"22":{"start":{"line":89,"column":4},"end":{"line":89,"column":null}},"23":{"start":{"line":92,"column":4},"end":{"line":92,"column":null}},"24":{"start":{"line":93,"column":4},"end":{"line":93,"column":null}}},"fnMap":{"0":{"name":"(anonymous_0)","decl":{"start":{"line":6,"column":30},"end":{"line":6,"column":63}},"loc":{"start":{"line":6,"column":63},"end":{"line":27,"column":null}},"line":6},"1":{"name":"(anonymous_1)","decl":{"start":{"line":29,"column":31},"end":{"line":29,"column":65}},"loc":{"start":{"line":29,"column":65},"end":{"line":61,"column":null}},"line":29},"2":{"name":"(anonymous_2)","decl":{"start":{"line":46,"column":60},"end":{"line":46,"column":61}},"loc":{"start":{"line":46,"column":74},"end":{"line":53,"column":6}},"line":46},"3":{"name":"(anonymous_3)","decl":{"start":{"line":64,"column":29},"end":{"line":64,"column":61}},"loc":{"start":{"line":64,"column":61},"end":{"line":95,"column":null}},"line":64},"4":{"name":"(anonymous_4)","decl":{"start":{"line":81,"column":51},"end":{"line":81,"column":52}},"loc":{"start":{"line":81,"column":64},"end":{"line":87,"column":6}},"line":81}},"branchMap":{},"s":{"0":1,"1":1,"2":1,"3":1,"4":1,"5":0,"6":0,"7":1,"8":1,"9":1,"10":1,"11":1,"12":2,"13":1,"14":0,"15":0,"16":1,"17":1,"18":1,"19":1,"20":1,"21":2,"22":1,"23":0,"24":0},"f":{"0":1,"1":1,"2":2,"3":1,"4":2},"b":{},"meta":{"lastBranch":0,"lastFunction":5,"lastStatement":25,"seen":{"s:6:30:27:Infinity":0,"f:6:30:6:63":0,"s:7:2:26:Infinity":1,"s:8:26:18:Infinity":2,"s:19:17:19:Infinity":3,"s:21:4:21:Infinity":4,"s:24:4:24:Infinity":5,"s:25:4:25:Infinity":6,"s:29:31:61:Infinity":7,"f:29:31:29:65":1,"s:30:2:60:Infinity":8,"s:31:26:42:Infinity":9,"s:43:17:43:Infinity":10,"s:46:30:53:Infinity":11,"f:46:60:46:61":2,"s:46:74:53:6":12,"s:55:4:55:Infinity":13,"s:58:4:58:Infinity":14,"s:59:4:59:Infinity":15,"s:64:29:95:Infinity":16,"f:64:29:64:61":3,"s:65:2:94:Infinity":17,"s:66:18:77:Infinity":18,"s:79:17:79:Infinity":19,"s:81:28:87:Infinity":20,"f:81:51:81:52":4,"s:81:64:87:6":21,"s:89:4:89:Infinity":22,"s:92:4:92:Infinity":23,"s:93:4:93:Infinity":24}}}
}
