{"C:\\MyProjects\\webshop\\src\\utils.ts": {"path":"C:\\MyProjects\\webshop\\src\\utils.ts","statementMap":{"0":{"start":{"line":3,"column":2},"end":{"line":6,"column":null}},"1":{"start":{"line":10,"column":5},"end":{"line":10,"column":null}}},"fnMap":{"0":{"name":"numToString","decl":{"start":{"line":2,"column":16},"end":{"line":2,"column":28}},"loc":{"start":{"line":2,"column":38},"end":{"line":7,"column":null}},"line":2},"1":{"name":"strToNum","decl":{"start":{"line":9,"column":16},"end":{"line":9,"column":25}},"loc":{"start":{"line":9,"column":36},"end":{"line":11,"column":null}},"line":9}},"branchMap":{},"s":{"0":4,"1":5},"f":{"0":4,"1":5},"b":{},"meta":{"lastBranch":0,"lastFunction":2,"lastStatement":2,"seen":{"f:2:16:2:28":0,"s:3:2:6:Infinity":0,"f:9:16:9:25":1,"s:10:5:10:Infinity":1}}}
}
